<?xml version="1.0" encoding="UTF-8"?>
<testng-results ignored="0" total="1" passed="1" failed="0" skipped="0">
  <reporter-output>
  </reporter-output>
  <suite started-at="2022-11-24T10:30:44 IST" name="Default suite" finished-at="2022-11-24T10:30:46 IST" duration-ms="1872">
    <groups>
    </groups>
    <test started-at="2022-11-24T10:30:44 IST" name="Default test" finished-at="2022-11-24T10:30:46 IST" duration-ms="1872">
      <class name="com.atdochub.api.activity.TC_03_activity_register">
        <test-method is-config="true" signature="setup()[pri:0, instance:com.atdochub.api.activity.TC_03_activity_register@778d1062]" started-at="2022-11-24T10:30:44 IST" name="setup" finished-at="2022-11-24T10:30:44 IST" duration-ms="7" status="PASS">
          <reporter-output>
          </reporter-output>
        </test-method> <!-- setup -->
        <test-method signature="Register_activity()[pri:0, instance:com.atdochub.api.activity.TC_03_activity_register@778d1062]" started-at="2022-11-24T10:30:44 IST" name="Register_activity" finished-at="2022-11-24T10:30:46 IST" duration-ms="1828" status="PASS">
          <reporter-output>
          </reporter-output>
        </test-method> <!-- Register_activity -->
      </class> <!-- com.atdochub.api.activity.TC_03_activity_register -->
    </test> <!-- Default test -->
  </suite> <!-- Default suite -->
</testng-results>
